2021-06-08 11:22:52,985 ERROR [http-nio-8080-exec-5] c.g.c.c.LoginController [UserController.java:73] 上传文件失败java.io.FileNotFoundException: C:\Users\ASUS\AppData\Local\Temp\tomcat.6163006561941668003.8080\work\Tomcat\localhost\community\C:UsersASUSDesktopleetcode-dailyimg\dd326116aa304cf6b787c1fb61e96e00.jpg (文件名、目录名或卷标语法不正确。)
2021-06-08 11:22:52,993 ERROR [http-nio-8080-exec-5] o.a.c.c.C.[.[.[.[dispatcherServlet] [DirectJDKLog.java:175] Servlet.service() for servlet [dispatcherServlet] in context with path [/community] threw exception [Request processing failed; nested exception is java.lang.RuntimeException: java.io.IOException: java.io.FileNotFoundException: C:\Users\ASUS\AppData\Local\Temp\tomcat.6163006561941668003.8080\work\Tomcat\localhost\community\C:UsersASUSDesktopleetcode-dailyimg\dd326116aa304cf6b787c1fb61e96e00.jpg (文件名、目录名或卷标语法不正确。)] with root cause
java.io.FileNotFoundException: C:\Users\ASUS\AppData\Local\Temp\tomcat.6163006561941668003.8080\work\Tomcat\localhost\community\C:UsersASUSDesktopleetcode-dailyimg\dd326116aa304cf6b787c1fb61e96e00.jpg (文件名、目录名或卷标语法不正确。)
	at java.io.FileOutputStream.open0(Native Method)
	at java.io.FileOutputStream.open(FileOutputStream.java:270)
	at java.io.FileOutputStream.<init>(FileOutputStream.java:213)
	at java.io.FileOutputStream.<init>(FileOutputStream.java:162)
	at org.apache.tomcat.util.http.fileupload.disk.DiskFileItem.write(DiskFileItem.java:406)
	at org.apache.catalina.core.ApplicationPart.write(ApplicationPart.java:120)
	at org.springframework.web.multipart.support.StandardMultipartHttpServletRequest$StandardMultipartFile.transferTo(StandardMultipartHttpServletRequest.java:256)
	at com.github.community.controller.UserController.upLoadUserAvatar(UserController.java:71)
	at sun.reflect.NativeMethodAccessorImpl.invoke0(Native Method)
	at sun.reflect.NativeMethodAccessorImpl.invoke(NativeMethodAccessorImpl.java:62)
	at sun.reflect.DelegatingMethodAccessorImpl.invoke(DelegatingMethodAccessorImpl.java:43)
	at java.lang.reflect.Method.invoke(Method.java:498)
	at org.springframework.web.method.support.InvocableHandlerMethod.doInvoke(InvocableHandlerMethod.java:190)
	at org.springframework.web.method.support.InvocableHandlerMethod.invokeForRequest(InvocableHandlerMethod.java:138)
	at org.springframework.web.servlet.mvc.method.annotation.ServletInvocableHandlerMethod.invokeAndHandle(ServletInvocableHandlerMethod.java:105)
	at org.springframework.web.servlet.mvc.method.annotation.RequestMappingHandlerAdapter.invokeHandlerMethod(RequestMappingHandlerAdapter.java:878)
	at org.springframework.web.servlet.mvc.method.annotation.RequestMappingHandlerAdapter.handleInternal(RequestMappingHandlerAdapter.java:792)
	at org.springframework.web.servlet.mvc.method.AbstractHandlerMethodAdapter.handle(AbstractHandlerMethodAdapter.java:87)
	at org.springframework.web.servlet.DispatcherServlet.doDispatch(DispatcherServlet.java:1040)
	at org.springframework.web.servlet.DispatcherServlet.doService(DispatcherServlet.java:943)
	at org.springframework.web.servlet.FrameworkServlet.processRequest(FrameworkServlet.java:1006)
	at org.springframework.web.servlet.FrameworkServlet.doPost(FrameworkServlet.java:909)
	at javax.servlet.http.HttpServlet.service(HttpServlet.java:652)
	at org.springframework.web.servlet.FrameworkServlet.service(FrameworkServlet.java:883)
	at javax.servlet.http.HttpServlet.service(HttpServlet.java:733)
	at org.apache.catalina.core.ApplicationFilterChain.internalDoFilter(ApplicationFilterChain.java:231)
	at org.apache.catalina.core.ApplicationFilterChain.doFilter(ApplicationFilterChain.java:166)
	at org.apache.tomcat.websocket.server.WsFilter.doFilter(WsFilter.java:53)
	at org.apache.catalina.core.ApplicationFilterChain.internalDoFilter(ApplicationFilterChain.java:193)
	at org.apache.catalina.core.ApplicationFilterChain.doFilter(ApplicationFilterChain.java:166)
	at org.springframework.web.filter.RequestContextFilter.doFilterInternal(RequestContextFilter.java:100)
	at org.springframework.web.filter.OncePerRequestFilter.doFilter(OncePerRequestFilter.java:119)
	at org.apache.catalina.core.ApplicationFilterChain.internalDoFilter(ApplicationFilterChain.java:193)
	at org.apache.catalina.core.ApplicationFilterChain.doFilter(ApplicationFilterChain.java:166)
	at org.springframework.web.filter.FormContentFilter.doFilterInternal(FormContentFilter.java:93)
	at org.springframework.web.filter.OncePerRequestFilter.doFilter(OncePerRequestFilter.java:119)
	at org.apache.catalina.core.ApplicationFilterChain.internalDoFilter(ApplicationFilterChain.java:193)
	at org.apache.catalina.core.ApplicationFilterChain.doFilter(ApplicationFilterChain.java:166)
	at org.springframework.web.filter.CharacterEncodingFilter.doFilterInternal(CharacterEncodingFilter.java:201)
	at org.springframework.web.filter.OncePerRequestFilter.doFilter(OncePerRequestFilter.java:119)
	at org.apache.catalina.core.ApplicationFilterChain.internalDoFilter(ApplicationFilterChain.java:193)
	at org.apache.catalina.core.ApplicationFilterChain.doFilter(ApplicationFilterChain.java:166)
	at org.apache.catalina.core.StandardWrapperValve.invoke(StandardWrapperValve.java:202)
	at org.apache.catalina.core.StandardContextValve.invoke(StandardContextValve.java:97)
	at org.apache.catalina.authenticator.AuthenticatorBase.invoke(AuthenticatorBase.java:541)
	at org.apache.catalina.core.StandardHostValve.invoke(StandardHostValve.java:143)
	at org.apache.catalina.valves.ErrorReportValve.invoke(ErrorReportValve.java:92)
	at org.apache.catalina.core.StandardEngineValve.invoke(StandardEngineValve.java:78)
	at org.apache.catalina.connector.CoyoteAdapter.service(CoyoteAdapter.java:343)
	at org.apache.coyote.http11.Http11Processor.service(Http11Processor.java:374)
	at org.apache.coyote.AbstractProcessorLight.process(AbstractProcessorLight.java:65)
	at org.apache.coyote.AbstractProtocol$ConnectionHandler.process(AbstractProtocol.java:868)
	at org.apache.tomcat.util.net.NioEndpoint$SocketProcessor.doRun(NioEndpoint.java:1590)
	at org.apache.tomcat.util.net.SocketProcessorBase.run(SocketProcessorBase.java:49)
	at java.util.concurrent.ThreadPoolExecutor.runWorker(ThreadPoolExecutor.java:1142)
	at java.util.concurrent.ThreadPoolExecutor$Worker.run(ThreadPoolExecutor.java:617)
	at org.apache.tomcat.util.threads.TaskThread$WrappingRunnable.run(TaskThread.java:61)
	at java.lang.Thread.run(Thread.java:745)
2021-06-08 11:29:57,247 ERROR [http-nio-8080-exec-3] c.g.c.c.LoginController [UserController.java:103] 读取头像失败dd846aec1a6e459eb35272769084e9f7.jpg (系统找不到指定的文件。)
2021-06-08 11:30:00,167 ERROR [http-nio-8080-exec-9] c.g.c.c.LoginController [UserController.java:103] 读取头像失败dd846aec1a6e459eb35272769084e9f7.jpg (系统找不到指定的文件。)
2021-06-08 11:30:06,836 ERROR [http-nio-8080-exec-1] c.g.c.c.LoginController [UserController.java:103] 读取头像失败d178308c71ab44ac8988e2ce70b22e34.jpg (系统找不到指定的文件。)
2021-06-08 11:32:54,299 ERROR [http-nio-8080-exec-5] c.g.c.c.LoginController [UserController.java:103] 读取头像失败d178308c71ab44ac8988e2ce70b22e34.jpg (系统找不到指定的文件。)
2021-06-08 11:33:20,420 ERROR [http-nio-8080-exec-7] c.g.c.c.LoginController [UserController.java:103] 读取头像失败d178308c71ab44ac8988e2ce70b22e34.jpg (系统找不到指定的文件。)
2021-06-08 11:35:04,734 ERROR [http-nio-8080-exec-1] c.g.c.c.LoginController [UserController.java:103] 读取头像失败d178308c71ab44ac8988e2ce70b22e34.jpg (系统找不到指定的文件。)
2021-06-08 11:35:20,475 ERROR [http-nio-8080-exec-3] c.g.c.c.LoginController [UserController.java:103] 读取头像失败d178308c71ab44ac8988e2ce70b22e34.jpg (系统找不到指定的文件。)
2021-06-08 11:35:23,602 ERROR [http-nio-8080-exec-9] c.g.c.c.LoginController [UserController.java:103] 读取头像失败d178308c71ab44ac8988e2ce70b22e34.jpg (系统找不到指定的文件。)
2021-06-08 11:35:28,865 ERROR [http-nio-8080-exec-1] c.g.c.c.LoginController [UserController.java:103] 读取头像失败bc7e0e2fe41345b6b74375c8d685a6ec.jpg (系统找不到指定的文件。)
2021-06-08 11:35:33,352 ERROR [http-nio-8080-exec-2] c.g.c.c.LoginController [UserController.java:103] 读取头像失败bc7e0e2fe41345b6b74375c8d685a6ec.jpg (系统找不到指定的文件。)
2021-06-08 11:37:35,692 ERROR [http-nio-8080-exec-1] c.g.c.c.LoginController [UserController.java:103] 读取头像失败bc7e0e2fe41345b6b74375c8d685a6ec.jpg (系统找不到指定的文件。)
