2021-06-08 11:21:45,880 INFO [main] c.g.c.CommunityApplication [StartupInfoLogger.java:55] Starting CommunityApplication on DESKTOP-QR1I683 with PID 6520 (C:\Users\ASUS\Desktop\leetcode-daily\community\target\classes started by ASUS in C:\Users\ASUS\Desktop\leetcode-daily\community)
2021-06-08 11:21:45,883 INFO [main] c.g.c.CommunityApplication [SpringApplication.java:651] No active profile set, falling back to default profiles: default
2021-06-08 11:21:46,501 INFO [main] o.s.b.w.e.t.TomcatWebServer [TomcatWebServer.java:108] Tomcat initialized with port(s): 8080 (http)
2021-06-08 11:21:46,507 INFO [main] o.a.c.h.Http11NioProtocol [DirectJDKLog.java:173] Initializing ProtocolHandler ["http-nio-8080"]
2021-06-08 11:21:46,507 INFO [main] o.a.c.c.StandardService [DirectJDKLog.java:173] Starting service [Tomcat]
2021-06-08 11:21:46,507 INFO [main] o.a.c.c.StandardEngine [DirectJDKLog.java:173] Starting Servlet engine: [Apache Tomcat/9.0.38]
2021-06-08 11:21:46,567 INFO [main] o.a.c.c.C.[.[.[/community] [DirectJDKLog.java:173] Initializing Spring embedded WebApplicationContext
2021-06-08 11:21:46,567 INFO [main] o.s.b.w.s.c.ServletWebServerApplicationContext [ServletWebServerApplicationContext.java:285] Root WebApplicationContext: initialization completed in 657 ms
2021-06-08 11:21:46,823 INFO [main] o.s.s.c.ThreadPoolTaskExecutor [ExecutorConfigurationSupport.java:181] Initializing ExecutorService 'applicationTaskExecutor'
2021-06-08 11:21:46,861 INFO [main] o.s.b.a.w.s.WelcomePageHandlerMapping [WelcomePageHandlerMapping.java:58] Adding welcome page template: index
2021-06-08 11:21:46,925 INFO [main] o.a.c.h.Http11NioProtocol [DirectJDKLog.java:173] Starting ProtocolHandler ["http-nio-8080"]
2021-06-08 11:21:46,940 INFO [main] o.s.b.w.e.t.TomcatWebServer [TomcatWebServer.java:220] Tomcat started on port(s): 8080 (http) with context path '/community'
2021-06-08 11:21:46,947 INFO [main] c.g.c.CommunityApplication [StartupInfoLogger.java:61] Started CommunityApplication in 1.315 seconds (JVM running for 1.709)
2021-06-08 11:22:06,448 INFO [http-nio-8080-exec-5] o.a.c.c.C.[.[.[/community] [DirectJDKLog.java:173] Initializing Spring DispatcherServlet 'dispatcherServlet'
2021-06-08 11:22:06,449 INFO [http-nio-8080-exec-5] o.s.w.s.DispatcherServlet [FrameworkServlet.java:525] Initializing Servlet 'dispatcherServlet'
2021-06-08 11:22:06,452 INFO [http-nio-8080-exec-5] o.s.w.s.DispatcherServlet [FrameworkServlet.java:547] Completed initialization in 3 ms
2021-06-08 11:22:06,488 INFO [http-nio-8080-exec-5] c.z.h.HikariDataSource [HikariDataSource.java:110] HikariPool-1 - Starting...
2021-06-08 11:22:06,678 INFO [http-nio-8080-exec-5] c.z.h.HikariDataSource [HikariDataSource.java:123] HikariPool-1 - Start completed.
2021-06-08 11:24:32,460 INFO [main] c.g.c.CommunityApplication [StartupInfoLogger.java:55] Starting CommunityApplication on DESKTOP-QR1I683 with PID 16080 (C:\Users\ASUS\Desktop\leetcode-daily\community\target\classes started by ASUS in C:\Users\ASUS\Desktop\leetcode-daily\community)
2021-06-08 11:24:32,463 INFO [main] c.g.c.CommunityApplication [SpringApplication.java:651] No active profile set, falling back to default profiles: default
2021-06-08 11:24:33,033 INFO [main] o.s.b.w.e.t.TomcatWebServer [TomcatWebServer.java:108] Tomcat initialized with port(s): 8080 (http)
2021-06-08 11:24:33,044 INFO [main] o.a.c.h.Http11NioProtocol [DirectJDKLog.java:173] Initializing ProtocolHandler ["http-nio-8080"]
2021-06-08 11:24:33,044 INFO [main] o.a.c.c.StandardService [DirectJDKLog.java:173] Starting service [Tomcat]
2021-06-08 11:24:33,044 INFO [main] o.a.c.c.StandardEngine [DirectJDKLog.java:173] Starting Servlet engine: [Apache Tomcat/9.0.38]
2021-06-08 11:24:33,096 INFO [main] o.a.c.c.C.[.[.[/community] [DirectJDKLog.java:173] Initializing Spring embedded WebApplicationContext
2021-06-08 11:24:33,097 INFO [main] o.s.b.w.s.c.ServletWebServerApplicationContext [ServletWebServerApplicationContext.java:285] Root WebApplicationContext: initialization completed in 611 ms
2021-06-08 11:24:33,367 INFO [main] o.s.s.c.ThreadPoolTaskExecutor [ExecutorConfigurationSupport.java:181] Initializing ExecutorService 'applicationTaskExecutor'
2021-06-08 11:24:33,410 INFO [main] o.s.b.a.w.s.WelcomePageHandlerMapping [WelcomePageHandlerMapping.java:58] Adding welcome page template: index
2021-06-08 11:24:33,478 INFO [main] o.a.c.h.Http11NioProtocol [DirectJDKLog.java:173] Starting ProtocolHandler ["http-nio-8080"]
2021-06-08 11:24:33,494 INFO [main] o.s.b.w.e.t.TomcatWebServer [TomcatWebServer.java:220] Tomcat started on port(s): 8080 (http) with context path '/community'
2021-06-08 11:24:33,502 INFO [main] c.g.c.CommunityApplication [StartupInfoLogger.java:61] Started CommunityApplication in 1.282 seconds (JVM running for 1.667)
2021-06-08 11:24:55,676 INFO [http-nio-8080-exec-1] o.a.c.c.C.[.[.[/community] [DirectJDKLog.java:173] Initializing Spring DispatcherServlet 'dispatcherServlet'
2021-06-08 11:24:55,677 INFO [http-nio-8080-exec-1] o.s.w.s.DispatcherServlet [FrameworkServlet.java:525] Initializing Servlet 'dispatcherServlet'
2021-06-08 11:24:55,738 INFO [http-nio-8080-exec-1] o.s.w.s.DispatcherServlet [FrameworkServlet.java:547] Completed initialization in 61 ms
2021-06-08 11:24:55,755 INFO [http-nio-8080-exec-1] c.z.h.HikariDataSource [HikariDataSource.java:110] HikariPool-1 - Starting...
2021-06-08 11:24:55,933 INFO [http-nio-8080-exec-1] c.z.h.HikariDataSource [HikariDataSource.java:123] HikariPool-1 - Start completed.
2021-06-08 11:29:41,019 INFO [main] c.g.c.CommunityApplication [StartupInfoLogger.java:55] Starting CommunityApplication on DESKTOP-QR1I683 with PID 12828 (C:\Users\ASUS\Desktop\leetcode-daily\community\target\classes started by ASUS in C:\Users\ASUS\Desktop\leetcode-daily\community)
2021-06-08 11:29:41,021 INFO [main] c.g.c.CommunityApplication [SpringApplication.java:651] No active profile set, falling back to default profiles: default
2021-06-08 11:29:41,586 INFO [main] o.s.b.w.e.t.TomcatWebServer [TomcatWebServer.java:108] Tomcat initialized with port(s): 8080 (http)
2021-06-08 11:29:41,591 INFO [main] o.a.c.h.Http11NioProtocol [DirectJDKLog.java:173] Initializing ProtocolHandler ["http-nio-8080"]
2021-06-08 11:29:41,592 INFO [main] o.a.c.c.StandardService [DirectJDKLog.java:173] Starting service [Tomcat]
2021-06-08 11:29:41,592 INFO [main] o.a.c.c.StandardEngine [DirectJDKLog.java:173] Starting Servlet engine: [Apache Tomcat/9.0.38]
2021-06-08 11:29:41,647 INFO [main] o.a.c.c.C.[.[.[/community] [DirectJDKLog.java:173] Initializing Spring embedded WebApplicationContext
2021-06-08 11:29:41,648 INFO [main] o.s.b.w.s.c.ServletWebServerApplicationContext [ServletWebServerApplicationContext.java:285] Root WebApplicationContext: initialization completed in 603 ms
2021-06-08 11:29:41,898 INFO [main] o.s.s.c.ThreadPoolTaskExecutor [ExecutorConfigurationSupport.java:181] Initializing ExecutorService 'applicationTaskExecutor'
2021-06-08 11:29:41,935 INFO [main] o.s.b.a.w.s.WelcomePageHandlerMapping [WelcomePageHandlerMapping.java:58] Adding welcome page template: index
2021-06-08 11:29:41,996 INFO [main] o.a.c.h.Http11NioProtocol [DirectJDKLog.java:173] Starting ProtocolHandler ["http-nio-8080"]
2021-06-08 11:29:42,011 INFO [main] o.s.b.w.e.t.TomcatWebServer [TomcatWebServer.java:220] Tomcat started on port(s): 8080 (http) with context path '/community'
2021-06-08 11:29:42,018 INFO [main] c.g.c.CommunityApplication [StartupInfoLogger.java:61] Started CommunityApplication in 1.233 seconds (JVM running for 1.628)
2021-06-08 11:29:46,959 INFO [http-nio-8080-exec-2] o.a.c.c.C.[.[.[/community] [DirectJDKLog.java:173] Initializing Spring DispatcherServlet 'dispatcherServlet'
2021-06-08 11:29:46,959 INFO [http-nio-8080-exec-2] o.s.w.s.DispatcherServlet [FrameworkServlet.java:525] Initializing Servlet 'dispatcherServlet'
2021-06-08 11:29:46,963 INFO [http-nio-8080-exec-2] o.s.w.s.DispatcherServlet [FrameworkServlet.java:547] Completed initialization in 3 ms
2021-06-08 11:29:47,044 INFO [http-nio-8080-exec-2] c.z.h.HikariDataSource [HikariDataSource.java:110] HikariPool-1 - Starting...
2021-06-08 11:29:47,224 INFO [http-nio-8080-exec-2] c.z.h.HikariDataSource [HikariDataSource.java:123] HikariPool-1 - Start completed.
2021-06-08 11:33:35,776 INFO [main] c.g.c.CommunityApplication [StartupInfoLogger.java:55] Starting CommunityApplication on DESKTOP-QR1I683 with PID 18624 (C:\Users\ASUS\Desktop\leetcode-daily\community\target\classes started by ASUS in C:\Users\ASUS\Desktop\leetcode-daily\community)
2021-06-08 11:33:35,779 INFO [main] c.g.c.CommunityApplication [SpringApplication.java:651] No active profile set, falling back to default profiles: default
2021-06-08 11:33:36,430 INFO [main] o.s.b.w.e.t.TomcatWebServer [TomcatWebServer.java:108] Tomcat initialized with port(s): 8080 (http)
2021-06-08 11:33:36,436 INFO [main] o.a.c.h.Http11NioProtocol [DirectJDKLog.java:173] Initializing ProtocolHandler ["http-nio-8080"]
2021-06-08 11:33:36,436 INFO [main] o.a.c.c.StandardService [DirectJDKLog.java:173] Starting service [Tomcat]
2021-06-08 11:33:36,436 INFO [main] o.a.c.c.StandardEngine [DirectJDKLog.java:173] Starting Servlet engine: [Apache Tomcat/9.0.38]
2021-06-08 11:33:36,493 INFO [main] o.a.c.c.C.[.[.[/community] [DirectJDKLog.java:173] Initializing Spring embedded WebApplicationContext
2021-06-08 11:33:36,493 INFO [main] o.s.b.w.s.c.ServletWebServerApplicationContext [ServletWebServerApplicationContext.java:285] Root WebApplicationContext: initialization completed in 687 ms
2021-06-08 11:33:36,809 INFO [main] o.s.s.c.ThreadPoolTaskExecutor [ExecutorConfigurationSupport.java:181] Initializing ExecutorService 'applicationTaskExecutor'
2021-06-08 11:33:36,851 INFO [main] o.s.b.a.w.s.WelcomePageHandlerMapping [WelcomePageHandlerMapping.java:58] Adding welcome page template: index
2021-06-08 11:33:36,924 INFO [main] o.a.c.h.Http11NioProtocol [DirectJDKLog.java:173] Starting ProtocolHandler ["http-nio-8080"]
2021-06-08 11:33:36,942 INFO [main] o.s.b.w.e.t.TomcatWebServer [TomcatWebServer.java:220] Tomcat started on port(s): 8080 (http) with context path '/community'
2021-06-08 11:33:36,950 INFO [main] c.g.c.CommunityApplication [StartupInfoLogger.java:61] Started CommunityApplication in 1.439 seconds (JVM running for 2.392)
2021-06-08 11:33:42,039 INFO [http-nio-8080-exec-1] o.a.c.c.C.[.[.[/community] [DirectJDKLog.java:173] Initializing Spring DispatcherServlet 'dispatcherServlet'
2021-06-08 11:33:42,040 INFO [http-nio-8080-exec-1] o.s.w.s.DispatcherServlet [FrameworkServlet.java:525] Initializing Servlet 'dispatcherServlet'
2021-06-08 11:33:42,043 INFO [http-nio-8080-exec-1] o.s.w.s.DispatcherServlet [FrameworkServlet.java:547] Completed initialization in 3 ms
2021-06-08 11:35:04,926 INFO [SpringContextShutdownHook] o.s.s.c.ThreadPoolTaskExecutor [ExecutorConfigurationSupport.java:218] Shutting down ExecutorService 'applicationTaskExecutor'
2021-06-08 11:35:08,918 INFO [main] c.g.c.CommunityApplication [StartupInfoLogger.java:55] Starting CommunityApplication on DESKTOP-QR1I683 with PID 14536 (C:\Users\ASUS\Desktop\leetcode-daily\community\target\classes started by ASUS in C:\Users\ASUS\Desktop\leetcode-daily\community)
2021-06-08 11:35:08,921 INFO [main] c.g.c.CommunityApplication [SpringApplication.java:651] No active profile set, falling back to default profiles: default
2021-06-08 11:35:09,485 INFO [main] o.s.b.w.e.t.TomcatWebServer [TomcatWebServer.java:108] Tomcat initialized with port(s): 8080 (http)
2021-06-08 11:35:09,495 INFO [main] o.a.c.h.Http11NioProtocol [DirectJDKLog.java:173] Initializing ProtocolHandler ["http-nio-8080"]
2021-06-08 11:35:09,495 INFO [main] o.a.c.c.StandardService [DirectJDKLog.java:173] Starting service [Tomcat]
2021-06-08 11:35:09,495 INFO [main] o.a.c.c.StandardEngine [DirectJDKLog.java:173] Starting Servlet engine: [Apache Tomcat/9.0.38]
2021-06-08 11:35:09,546 INFO [main] o.a.c.c.C.[.[.[/community] [DirectJDKLog.java:173] Initializing Spring embedded WebApplicationContext
2021-06-08 11:35:09,547 INFO [main] o.s.b.w.s.c.ServletWebServerApplicationContext [ServletWebServerApplicationContext.java:285] Root WebApplicationContext: initialization completed in 602 ms
2021-06-08 11:35:09,794 INFO [main] o.s.s.c.ThreadPoolTaskExecutor [ExecutorConfigurationSupport.java:181] Initializing ExecutorService 'applicationTaskExecutor'
2021-06-08 11:35:09,831 INFO [main] o.s.b.a.w.s.WelcomePageHandlerMapping [WelcomePageHandlerMapping.java:58] Adding welcome page template: index
2021-06-08 11:35:09,892 INFO [main] o.a.c.h.Http11NioProtocol [DirectJDKLog.java:173] Starting ProtocolHandler ["http-nio-8080"]
2021-06-08 11:35:09,907 INFO [main] o.s.b.w.e.t.TomcatWebServer [TomcatWebServer.java:220] Tomcat started on port(s): 8080 (http) with context path '/community'
2021-06-08 11:35:09,914 INFO [main] c.g.c.CommunityApplication [StartupInfoLogger.java:61] Started CommunityApplication in 1.235 seconds (JVM running for 1.617)
2021-06-08 11:35:19,948 INFO [http-nio-8080-exec-1] o.a.c.c.C.[.[.[/community] [DirectJDKLog.java:173] Initializing Spring DispatcherServlet 'dispatcherServlet'
2021-06-08 11:35:19,948 INFO [http-nio-8080-exec-1] o.s.w.s.DispatcherServlet [FrameworkServlet.java:525] Initializing Servlet 'dispatcherServlet'
2021-06-08 11:35:20,010 INFO [http-nio-8080-exec-1] o.s.w.s.DispatcherServlet [FrameworkServlet.java:547] Completed initialization in 61 ms
2021-06-08 11:35:20,027 INFO [http-nio-8080-exec-1] c.z.h.HikariDataSource [HikariDataSource.java:110] HikariPool-1 - Starting...
2021-06-08 11:35:20,202 INFO [http-nio-8080-exec-1] c.z.h.HikariDataSource [HikariDataSource.java:123] HikariPool-1 - Start completed.
2021-06-08 11:36:24,593 INFO [main] c.g.c.CommunityApplication [StartupInfoLogger.java:55] Starting CommunityApplication on DESKTOP-QR1I683 with PID 7876 (C:\Users\ASUS\Desktop\leetcode-daily\community\target\classes started by ASUS in C:\Users\ASUS\Desktop\leetcode-daily\community)
2021-06-08 11:36:24,596 INFO [main] c.g.c.CommunityApplication [SpringApplication.java:651] No active profile set, falling back to default profiles: default
2021-06-08 11:36:25,248 INFO [main] o.s.b.w.e.t.TomcatWebServer [TomcatWebServer.java:108] Tomcat initialized with port(s): 8080 (http)
2021-06-08 11:36:25,254 INFO [main] o.a.c.h.Http11NioProtocol [DirectJDKLog.java:173] Initializing ProtocolHandler ["http-nio-8080"]
2021-06-08 11:36:25,255 INFO [main] o.a.c.c.StandardService [DirectJDKLog.java:173] Starting service [Tomcat]
2021-06-08 11:36:25,255 INFO [main] o.a.c.c.StandardEngine [DirectJDKLog.java:173] Starting Servlet engine: [Apache Tomcat/9.0.38]
2021-06-08 11:36:25,312 INFO [main] o.a.c.c.C.[.[.[/community] [DirectJDKLog.java:173] Initializing Spring embedded WebApplicationContext
2021-06-08 11:36:25,313 INFO [main] o.s.b.w.s.c.ServletWebServerApplicationContext [ServletWebServerApplicationContext.java:285] Root WebApplicationContext: initialization completed in 692 ms
2021-06-08 11:36:25,646 INFO [main] o.s.s.c.ThreadPoolTaskExecutor [ExecutorConfigurationSupport.java:181] Initializing ExecutorService 'applicationTaskExecutor'
2021-06-08 11:36:25,711 INFO [main] o.s.b.a.w.s.WelcomePageHandlerMapping [WelcomePageHandlerMapping.java:58] Adding welcome page template: index
2021-06-08 11:36:25,824 INFO [main] o.a.c.h.Http11NioProtocol [DirectJDKLog.java:173] Starting ProtocolHandler ["http-nio-8080"]
2021-06-08 11:36:25,846 INFO [main] o.s.b.w.e.t.TomcatWebServer [TomcatWebServer.java:220] Tomcat started on port(s): 8080 (http) with context path '/community'
2021-06-08 11:36:25,855 INFO [main] c.g.c.CommunityApplication [StartupInfoLogger.java:61] Started CommunityApplication in 1.548 seconds (JVM running for 2.089)
2021-06-08 11:36:27,509 INFO [http-nio-8080-exec-1] o.a.c.c.C.[.[.[/community] [DirectJDKLog.java:173] Initializing Spring DispatcherServlet 'dispatcherServlet'
2021-06-08 11:36:27,509 INFO [http-nio-8080-exec-1] o.s.w.s.DispatcherServlet [FrameworkServlet.java:525] Initializing Servlet 'dispatcherServlet'
2021-06-08 11:36:27,513 INFO [http-nio-8080-exec-1] o.s.w.s.DispatcherServlet [FrameworkServlet.java:547] Completed initialization in 4 ms
2021-06-08 11:37:35,863 INFO [SpringContextShutdownHook] o.s.s.c.ThreadPoolTaskExecutor [ExecutorConfigurationSupport.java:218] Shutting down ExecutorService 'applicationTaskExecutor'
2021-06-08 11:37:39,549 INFO [main] c.g.c.CommunityApplication [StartupInfoLogger.java:55] Starting CommunityApplication on DESKTOP-QR1I683 with PID 10168 (C:\Users\ASUS\Desktop\leetcode-daily\community\target\classes started by ASUS in C:\Users\ASUS\Desktop\leetcode-daily\community)
2021-06-08 11:37:39,551 INFO [main] c.g.c.CommunityApplication [SpringApplication.java:651] No active profile set, falling back to default profiles: default
2021-06-08 11:37:40,113 INFO [main] o.s.b.w.e.t.TomcatWebServer [TomcatWebServer.java:108] Tomcat initialized with port(s): 8080 (http)
2021-06-08 11:37:40,118 INFO [main] o.a.c.h.Http11NioProtocol [DirectJDKLog.java:173] Initializing ProtocolHandler ["http-nio-8080"]
2021-06-08 11:37:40,119 INFO [main] o.a.c.c.StandardService [DirectJDKLog.java:173] Starting service [Tomcat]
2021-06-08 11:37:40,119 INFO [main] o.a.c.c.StandardEngine [DirectJDKLog.java:173] Starting Servlet engine: [Apache Tomcat/9.0.38]
2021-06-08 11:37:40,175 INFO [main] o.a.c.c.C.[.[.[/community] [DirectJDKLog.java:173] Initializing Spring embedded WebApplicationContext
2021-06-08 11:37:40,175 INFO [main] o.s.b.w.s.c.ServletWebServerApplicationContext [ServletWebServerApplicationContext.java:285] Root WebApplicationContext: initialization completed in 600 ms
2021-06-08 11:37:40,423 INFO [main] o.s.s.c.ThreadPoolTaskExecutor [ExecutorConfigurationSupport.java:181] Initializing ExecutorService 'applicationTaskExecutor'
2021-06-08 11:37:40,461 INFO [main] o.s.b.a.w.s.WelcomePageHandlerMapping [WelcomePageHandlerMapping.java:58] Adding welcome page template: index
2021-06-08 11:37:40,521 INFO [main] o.a.c.h.Http11NioProtocol [DirectJDKLog.java:173] Starting ProtocolHandler ["http-nio-8080"]
2021-06-08 11:37:40,536 INFO [main] o.s.b.w.e.t.TomcatWebServer [TomcatWebServer.java:220] Tomcat started on port(s): 8080 (http) with context path '/community'
2021-06-08 11:37:40,542 INFO [main] c.g.c.CommunityApplication [StartupInfoLogger.java:61] Started CommunityApplication in 1.23 seconds (JVM running for 1.611)
2021-06-08 11:37:47,806 INFO [http-nio-8080-exec-1] o.a.c.c.C.[.[.[/community] [DirectJDKLog.java:173] Initializing Spring DispatcherServlet 'dispatcherServlet'
2021-06-08 11:37:47,806 INFO [http-nio-8080-exec-1] o.s.w.s.DispatcherServlet [FrameworkServlet.java:525] Initializing Servlet 'dispatcherServlet'
2021-06-08 11:37:47,871 INFO [http-nio-8080-exec-1] o.s.w.s.DispatcherServlet [FrameworkServlet.java:547] Completed initialization in 65 ms
2021-06-08 11:37:47,889 INFO [http-nio-8080-exec-1] c.z.h.HikariDataSource [HikariDataSource.java:110] HikariPool-1 - Starting...
2021-06-08 11:37:48,071 INFO [http-nio-8080-exec-1] c.z.h.HikariDataSource [HikariDataSource.java:123] HikariPool-1 - Start completed.
2021-06-08 11:46:01,400 INFO [main] c.g.c.CommunityApplication [StartupInfoLogger.java:55] Starting CommunityApplication on DESKTOP-QR1I683 with PID 4324 (C:\Users\ASUS\Desktop\leetcode-daily\community\target\classes started by ASUS in C:\Users\ASUS\Desktop\leetcode-daily\community)
2021-06-08 11:46:01,402 INFO [main] c.g.c.CommunityApplication [SpringApplication.java:651] No active profile set, falling back to default profiles: default
2021-06-08 11:46:01,981 INFO [main] o.s.b.w.e.t.TomcatWebServer [TomcatWebServer.java:108] Tomcat initialized with port(s): 8080 (http)
2021-06-08 11:46:01,986 INFO [main] o.a.c.h.Http11NioProtocol [DirectJDKLog.java:173] Initializing ProtocolHandler ["http-nio-8080"]
2021-06-08 11:46:01,987 INFO [main] o.a.c.c.StandardService [DirectJDKLog.java:173] Starting service [Tomcat]
2021-06-08 11:46:01,987 INFO [main] o.a.c.c.StandardEngine [DirectJDKLog.java:173] Starting Servlet engine: [Apache Tomcat/9.0.38]
2021-06-08 11:46:02,045 INFO [main] o.a.c.c.C.[.[.[/community] [DirectJDKLog.java:173] Initializing Spring embedded WebApplicationContext
2021-06-08 11:46:02,046 INFO [main] o.s.b.w.s.c.ServletWebServerApplicationContext [ServletWebServerApplicationContext.java:285] Root WebApplicationContext: initialization completed in 618 ms
2021-06-08 11:46:02,304 INFO [main] o.s.s.c.ThreadPoolTaskExecutor [ExecutorConfigurationSupport.java:181] Initializing ExecutorService 'applicationTaskExecutor'
2021-06-08 11:46:02,342 INFO [main] o.s.b.a.w.s.WelcomePageHandlerMapping [WelcomePageHandlerMapping.java:58] Adding welcome page template: index
2021-06-08 11:46:02,405 INFO [main] o.a.c.h.Http11NioProtocol [DirectJDKLog.java:173] Starting ProtocolHandler ["http-nio-8080"]
2021-06-08 11:46:02,421 INFO [main] o.s.b.w.e.t.TomcatWebServer [TomcatWebServer.java:220] Tomcat started on port(s): 8080 (http) with context path '/community'
2021-06-08 11:46:02,427 INFO [main] c.g.c.CommunityApplication [StartupInfoLogger.java:61] Started CommunityApplication in 1.263 seconds (JVM running for 1.657)
2021-06-08 11:46:12,329 INFO [http-nio-8080-exec-1] o.a.c.c.C.[.[.[/community] [DirectJDKLog.java:173] Initializing Spring DispatcherServlet 'dispatcherServlet'
2021-06-08 11:46:12,329 INFO [http-nio-8080-exec-1] o.s.w.s.DispatcherServlet [FrameworkServlet.java:525] Initializing Servlet 'dispatcherServlet'
2021-06-08 11:46:12,394 INFO [http-nio-8080-exec-1] o.s.w.s.DispatcherServlet [FrameworkServlet.java:547] Completed initialization in 64 ms
2021-06-08 11:46:12,410 INFO [http-nio-8080-exec-1] c.z.h.HikariDataSource [HikariDataSource.java:110] HikariPool-1 - Starting...
2021-06-08 11:46:12,587 INFO [http-nio-8080-exec-1] c.z.h.HikariDataSource [HikariDataSource.java:123] HikariPool-1 - Start completed.
